
2025-06-30 17:27:00,073: %UNICON-INFO: +++ router1 logfile router1-cli-1751318820.log +++

2025-06-30 17:27:00,074: %UNICON-INFO: +++ Unicon plugin iosxe (unicon.plugins.iosxe) +++


2025-06-30 17:27:02,403: %UNICON-INFO: +++ connection to spawn: ssh -l cisco 192.168.2.103, id: 4696314880 +++

2025-06-30 17:27:02,404: %UNICON-INFO: connection to router1
(cisco@192.168.2.103) Password: 

*                                           *
**                                         **
***                                       ***
***  Cisco Networking Academy             ***
***   Emerging Technologies Workshop:     ***
***    Model Driven Programmability       ***
***                                       ***
***  This software is provided for        ***
***   Educational Purposes                ***
***    Only in Networking Academies       ***
***                                       ***
**                                         **
*                                           *



ACOSTA-RAMIREZ#

2025-06-30 17:27:02,570: %UNICON-INFO: Learned hostname(s): 'ACOSTA-RAMIREZ'.

ACOSTA-RAMIREZ#

2025-06-30 17:27:02,905: %UNICON-INFO: +++ ACOSTA-RAMIREZ(alias=router1) with via 'cli': executing command 'show version | include operating mode' +++
show version | include operating mode
ACOSTA-RAMIREZ#

2025-06-30 17:27:03,112: %UNICON-INFO: +++ initializing handle +++

2025-06-30 17:27:03,327: %UNICON-INFO: +++ ACOSTA-RAMIREZ(alias=router1) with via 'cli': executing command 'show install summary' +++
show install summary
[ R0 ] Installed Package(s) Information:
State (St): I - Inactive, U - Activated & Uncommitted,
            C - Activated & Committed, D - Deactivated & Uncommitted
--------------------------------------------------------------------------------
Type  St   Filename/Version    
--------------------------------------------------------------------------------
IMG   C    16.9.5.0.3780                                                       

--------------------------------------------------------------------------------
Auto abort timer: inactive
--------------------------------------------------------------------------------

ACOSTA-RAMIREZ#

2025-06-30 17:27:05,561: %UNICON-INFO: +++ ACOSTA-RAMIREZ(alias=router1) with via 'cli': executing command 'show ipv6 interface brief' +++
show ipv6 interface brief
GigabitEthernet1       [up/up]
    unassigned
GigabitEthernet2       [administratively down/down]
    unassigned
ACOSTA-RAMIREZ#

2025-06-30 17:27:06,440: %UNICON-INFO: +++ ACOSTA-RAMIREZ(alias=router1) with via 'cli': executing command 'show ipv6 interface brief' +++
show ipv6 interface brief
GigabitEthernet1       [up/up]
    unassigned
GigabitEthernet2       [administratively down/down]
    unassigned
ACOSTA-RAMIREZ#
